<?xml version="1.0" encoding="UTF-8"?>
<testsuite xmlns:xsi="http://www.w3.org/2001/XMLSchema-instance" xsi:noNamespaceSchemaLocation="https://maven.apache.org/surefire/maven-surefire-plugin/xsd/surefire-test-report.xsd" name="com.model.UserTest" time="0.052" tests="6" errors="0" skipped="0" failures="0">
  <properties>
[...]
</properties>
  <testcase name="testSetPassword" classname="com.model.UserTest" time="0.001"/>
  <testcase name="testGetPassword" classname="com.model.UserTest" time="0"/>
  <testcase name="testGetConfirmPassword" classname="com.model.UserTest" time="0"/>
  <testcase name="testSetConfirmPassword" classname="com.model.UserTest" time="0.001"/>
  <testcase name="testSetUserName" classname="com.model.UserTest" time="0.001"/>
  <testcase name="testGetUsername" classname="com.model.UserTest" time="0"/>
</testsuite>